<?xml version="1.0" encoding="UTF-8"?>
<testsuite xmlns:xsi="http://www.w3.org/2001/XMLSchema-instance" xsi:noNamespaceSchemaLocation="https://maven.apache.org/surefire/maven-surefire-plugin/xsd/surefire-test-report-3.0.xsd" version="3.0" name="levy.daniel.application.apptechnic.configurationmanagers.gestionnairesbundles.ConfigurationBundlesManagerTest" time="0.141" tests="7" errors="0" skipped="0" failures="0">
  <properties>
[...]
</properties>
  <testcase name="testGetPathData" classname="levy.daniel.application.apptechnic.configurationmanagers.gestionnairesbundles.ConfigurationBundlesManagerTest" time="0.029"/>
  <testcase name="testGetPathLogs" classname="levy.daniel.application.apptechnic.configurationmanagers.gestionnairesbundles.ConfigurationBundlesManagerTest" time="0"/>
  <testcase name="testGetPathRapportsControle" classname="levy.daniel.application.apptechnic.configurationmanagers.gestionnairesbundles.ConfigurationBundlesManagerTest" time="0"/>
  <testcase name="testGetBundleApplication" classname="levy.daniel.application.apptechnic.configurationmanagers.gestionnairesbundles.ConfigurationBundlesManagerTest" time="0.002"/>
  <testcase name="testGetPathRessourcesExternes" classname="levy.daniel.application.apptechnic.configurationmanagers.gestionnairesbundles.ConfigurationBundlesManagerTest" time="0"/>
  <testcase name="testGetPathTeleversements" classname="levy.daniel.application.apptechnic.configurationmanagers.gestionnairesbundles.ConfigurationBundlesManagerTest" time="0.001"/>
  <testcase name="testGetBundleRessourcesExternes" classname="levy.daniel.application.apptechnic.configurationmanagers.gestionnairesbundles.ConfigurationBundlesManagerTest" time="0"/>
</testsuite>